
Build
=====

Getting the latest source code is described at
https://code.google.com/p/npoi/source/checkout


The build itself depends on your IDE and your target.

Select the solution from the appropriate solution folder:

- visualstudio - Visual Studio 2008
- visualstudio2010 - Visual Studio 2010
- mono 

The name of the solution defines the target: 
- NPOI.sln for the library NPOI itself.
- NPOITest.sln for the library together with a test suite.



Test Suite
==========

Prior to execute the test suite, the test data must be downloaded, too.
The test data is available from the Apache POI project as described on
https://poi.apache.org/subversion.html

Copy the content of testcases/test-data to the same folder within NPOI.

Load the the NPOITest.sln into your IDE, build the project and execute 
all the unit tests.

Here are some numbers (2012-02-21):
unit tests: 1610, passed: 1607 (failed 3)

There are unit tests flagged with the [Ignore] attribute: 
- testcases\main\HSSF\Model\TestFormulaParser.cs(1162):           [Ignore] // "Sheet1!$C1...B$4" Assert.AreEqual failed. Expected:<Sheet1!B1:$C$4>. Actual:<Sheet1!B$4:$C1>. 	
- testcases\main\HSSF\Model\TestFormulaParser.cs(1320):           [Ignore] // Test method TestCases.HSSF.Model.TestFormulaParser.TestUnionOfFullCollFullRowRef threw exception: NPOI.SS.Formula.FormulaParseException: The LHS of the range operator ':' at position 2 is not a proper reference.
- testcases\main\HSSF\Model\TestOperandClassTransformer.cs(63):   [Ignore]
- testcases\main\HSSF\UserModel\TestBugs.cs(115):                 [Ignore] //not found in poi
- testcases\main\HSSF\UserModel\TestBugs.cs(225):                 [Ignore] //this test was not found in poi 3.8beta4
- testcases\main\HSSF\UserModel\TestBugs.cs(343):                 [Ignore] //not found in poi 3.8beat4
- testcases\main\HSSF\UserModel\TestBugs.cs(363):                 [Ignore] //this test was not found in poi 3.8beta4
- testcases\main\HSSF\UserModel\TestBugs.cs(504):                 [Ignore] // not found in poi
- testcases\main\HSSF\UserModel\TestBugs.cs(1439):                [Ignore]
- testcases\main\HSSF\UserModel\TestHSSFFormulaEvaluator.cs(122): [Ignore] // Identified bug 46479a https://issues.apache.org/bugzilla/show_bug.cgi?id=46479 fixed in POI in two commits https://svn.apache.org/viewvc?view=revision&revision=731715 and https://svn.apache.org/viewvc?view=revision&revision=886951
- testcases\main\HSSF\UserModel\TestUnfixedBugs.cs(43):           [Ignore] // because of WON'T FIX
- testcases\main\SS\Formula\Eval\TestMinusZeroResult.cs(72):      [Ignore] //no representation for -0.0 in c#, this test always failed.
- testcases\main\SS\Formula\Functions\TestDate.cs(50):            [Ignore]
  
  
These are the failing test cases:
Failed    Test51461                    Test method TestCases.HSSF.UserModel.TestBugs.Test51461 threw exception: System.NotImplementedException: not find class NPOIFSFileSystem    
Failed    Test51535                    Test method TestCases.HSSF.UserModel.TestBugs.Test51535 threw exception: System.NotImplementedException: not find class NPOIFSFileSystem   
Failed    TestSlowEvaluate45376        Assert.AreEqual failed. Expected:<8>. Actual:<24>.     

Patches to make the unit tests work as expected are greatly appreciated. 
This belongs to the failing and to the ignored ones.


Conditional Defines
===================

There are some intentional warnings "Unreachable code detected". Each of the
code areas describes the intention of the unreachable code in comments. 
To avoid these warnings it is possible to define HIDE_UNREACHABLE_CODE 
in the project settings. The conditional compilation symbols are located in 
Build in the General group.


